\BOOKMARK [1][-]{section.1}{\376\377\000I\000n\000t\000r\000o\000d\000u\000c\000t\000i\000o\000n}{}% 1
\BOOKMARK [2][-]{subsection.1.1}{\376\377\000M\000o\000t\000i\000v\000a\000t\000i\000o\000n}{section.1}% 2
\BOOKMARK [2][-]{subsection.1.2}{\376\377\000N\000o\000t\000a\000t\000i\000o\000n}{section.1}% 3
\BOOKMARK [1][-]{section.2}{\376\377\000D\000o\000m\000a\000i\000n\000\040\000k\000n\000o\000w\000l\000e\000d\000g\000e}{}% 4
\BOOKMARK [2][-]{subsection.2.1}{\376\377\000B\000i\000o\000l\000o\000g\000y}{section.2}% 5
\BOOKMARK [3][-]{subsubsection.2.1.1}{\376\377\000C\000e\000l\000l\000\040\000l\000i\000n\000e\000\040\000d\000e\000v\000e\000l\000o\000p\000m\000e\000n\000t\000\040\000p\000r\000o\000c\000e\000s\000s}{subsection.2.1}% 6
\BOOKMARK [4][-]{paragraph.2.1.1.1}{\376\377\000C\000L\000D\000\040\000s\000t\000e\000p\000s}{subsubsection.2.1.1}% 7
\BOOKMARK [3][-]{subsubsection.2.1.2}{\376\377\000P\000r\000o\000j\000e\000c\000t\000\040\000s\000p\000e\000c\000i\000f\000i\000c\000a\000t\000i\000o\000n\000s\000\040\000o\000f\000\040\000c\000e\000l\000l\000\040\000l\000i\000n\000e\000\040\000d\000e\000v\000e\000l\000o\000p\000m\000e\000n\000t\000\040\000f\000o\000r\000\040\000M\000e\000r\000c\000k\000\040\000K\000g\000a\000A}{subsection.2.1}% 8
\BOOKMARK [2][-]{subsection.2.2}{\376\377\000D\000e\000e\000p\000\040\000l\000e\000a\000r\000n\000i\000n\000g\000\040\000a\000n\000d\000\040\000m\000a\000c\000h\000i\000n\000e\000\040\000l\000e\000a\000r\000n\000i\000n\000g\000\040\000b\000a\000s\000i\000c\000s}{section.2}% 9
\BOOKMARK [3][-]{subsubsection.2.2.1}{\376\377\000N\000e\000u\000r\000a\000l\000\040\000n\000e\000t\000w\000o\000r\000k\000s}{subsection.2.2}% 10
\BOOKMARK [3][-]{subsubsection.2.2.2}{\376\377\000D\000i\000m\000e\000n\000s\000i\000o\000n\000a\000l\000i\000t\000y\000\040\000r\000e\000d\000u\000c\000t\000i\000o\000n\000\040\000m\000e\000t\000h\000o\000d\000s}{subsection.2.2}% 11
\BOOKMARK [4][-]{paragraph.2.2.2.1}{\376\377\000U\000M\000A\000P}{subsubsection.2.2.2}% 12
\BOOKMARK [4][-]{paragraph.2.2.2.2}{\376\377\000P\000a\000c\000M\000A\000P}{subsubsection.2.2.2}% 13
\BOOKMARK [4][-]{paragraph.2.2.2.3}{\376\377\000P\000C\000A}{subsubsection.2.2.2}% 14
\BOOKMARK [3][-]{subsubsection.2.2.3}{\376\377\000C\000l\000u\000s\000t\000e\000r\000i\000n\000g}{subsection.2.2}% 15
\BOOKMARK [4][-]{paragraph.2.2.3.1}{\376\377\000D\000B\000S\000C\000A\000N}{subsubsection.2.2.3}% 16
\BOOKMARK [2][-]{subsection.2.3}{\376\377\000I\000m\000a\000g\000i\000n\000g}{section.2}% 17
\BOOKMARK [3][-]{subsubsection.2.3.1}{\376\377\000D\000i\000g\000i\000t\000a\000l\000\040\000i\000m\000a\000g\000i\000n\000g}{subsection.2.3}% 18
\BOOKMARK [3][-]{subsubsection.2.3.2}{\376\377\000M\000i\000c\000r\000o\000s\000c\000o\000p\000y\000\040\000i\000m\000a\000g\000i\000n\000g}{subsection.2.3}% 19
\BOOKMARK [4][-]{paragraph.2.3.2.1}{\376\377\000I\000m\000a\000g\000e\000\040\000a\000c\000q\000u\000i\000s\000i\000t\000i\000o\000n\000\040\000p\000e\000c\000u\000l\000i\000a\000r\000i\000t\000i\000e\000s}{subsubsection.2.3.2}% 20
\BOOKMARK [4][-]{paragraph.2.3.2.2}{\376\377\000C\000r\000o\000p\000s\000\040\000c\000o\000m\000b\000i\000n\000a\000t\000i\000o\000n\000\040\000t\000e\000c\000h\000n\000i\000q\000u\000e}{subsubsection.2.3.2}% 21
\BOOKMARK [1][-]{section.3}{\376\377\000I\000m\000p\000l\000e\000m\000e\000n\000t\000a\000t\000i\000o\000n\000\040\000a\000n\000d\000\040\000e\000x\000p\000e\000r\000i\000m\000e\000n\000t\000s}{}% 22
\BOOKMARK [2][-]{subsection.3.1}{\376\377\000M\000o\000d\000e\000l\000\040\000t\000r\000a\000i\000n\000i\000n\000g}{section.3}% 23
\BOOKMARK [3][-]{subsubsection.3.1.1}{\376\377\000N\000e\000u\000r\000a\000l\000\040\000n\000e\000t\000w\000o\000r\000k\000\040\000a\000r\000c\000h\000i\000t\000e\000c\000t\000u\000r\000e}{subsection.3.1}% 24
\BOOKMARK [3][-]{subsubsection.3.1.2}{\376\377\000A\000v\000a\000i\000l\000a\000b\000l\000e\000\040\000d\000a\000t\000a}{subsection.3.1}% 25
\BOOKMARK [3][-]{subsubsection.3.1.3}{\376\377\000T\000r\000a\000i\000n\000i\000n\000g\000\040\000c\000o\000s\000t\000s\000\040\000e\000s\000t\000i\000m\000a\000t\000i\000o\000n}{subsection.3.1}% 26
\BOOKMARK [3][-]{subsubsection.3.1.4}{\376\377\000A\000u\000g\000m\000e\000n\000t\000a\000t\000i\000o\000n\000s}{subsection.3.1}% 27
\BOOKMARK [4][-]{paragraph.3.1.4.1}{\376\377\000S\000p\000e\000c\000i\000a\000l\000\040\000a\000u\000g\000m\000e\000n\000t\000a\000t\000i\000o\000n\000s\000\040\000f\000o\000r\000\040\000r\000o\000t\000a\000t\000i\000o\000n\000\040\000a\000n\000d\000\040\000s\000c\000a\000l\000i\000n\000g}{subsubsection.3.1.4}% 28
\BOOKMARK [3][-]{subsubsection.3.1.5}{\376\377\000M\000o\000d\000e\000l\000\040\000s\000e\000t\000u\000p}{subsection.3.1}% 29
\BOOKMARK [4][-]{paragraph.3.1.5.1}{\376\377\000W\000e\000i\000g\000h\000t\000\040\000I\000n\000i\000t\000i\000a\000l\000i\000z\000a\000t\000i\000o\000n}{subsubsection.3.1.5}% 30
\BOOKMARK [4][-]{paragraph.3.1.5.2}{\376\377\000R\000e\000g\000u\000l\000a\000r\000i\000z\000a\000t\000i\000o\000n}{subsubsection.3.1.5}% 31
\BOOKMARK [4][-]{paragraph.3.1.5.3}{\376\377\000O\000p\000t\000i\000m\000i\000z\000e\000r\000s}{subsubsection.3.1.5}% 32
\BOOKMARK [2][-]{subsection.3.2}{\376\377\000N\000u\000c\000l\000e\000i}{section.3}% 33
\BOOKMARK [3][-]{subsubsection.3.2.1}{\376\377\000P\000r\000e\000p\000r\000o\000c\000e\000s\000s\000i\000n\000g}{subsection.3.2}% 34
\BOOKMARK [4][-]{paragraph.3.2.1.1}{\376\377\000T\000h\000r\000e\000s\000h\000o\000l\000d\000i\000n\000g\000\040\000a\000l\000g\000o\000r\000i\000t\000h\000m\000s}{subsubsection.3.2.1}% 35
\BOOKMARK [3][-]{subsubsection.3.2.2}{\376\377\000T\000r\000a\000i\000n\000i\000n\000g\000\040\000a\000n\000d\000\040\000p\000r\000e\000d\000i\000c\000t\000i\000o\000n\000s}{subsection.3.2}% 36
\BOOKMARK [4][-]{paragraph.3.2.2.1}{\376\377\000C\000o\000n\000v\000e\000r\000g\000e\000n\000c\000e}{subsubsection.3.2.2}% 37
\BOOKMARK [4][-]{paragraph.3.2.2.2}{\376\377\000P\000r\000e\000d\000i\000c\000t\000i\000o\000n\000s\000\040\000q\000u\000a\000l\000i\000t\000y}{subsubsection.3.2.2}% 38
\BOOKMARK [3][-]{subsubsection.3.2.3}{\376\377\000P\000o\000s\000t\000p\000r\000o\000c\000e\000s\000s\000i\000n\000g\000\040\000f\000o\000r\000\040\000n\000u\000c\000l\000e\000i\000\040\000s\000e\000g\000m\000e\000n\000t\000a\000t\000i\000o\000n}{subsection.3.2}% 39
\BOOKMARK [3][-]{subsubsection.3.2.4}{\376\377\000I\000n\000f\000l\000u\000e\000n\000c\000e\000\040\000o\000f\000\040\000s\000c\000a\000l\000i\000n\000g\000\040\000o\000n\000\040\000p\000r\000e\000d\000i\000c\000t\000i\000o\000n\000s\000\040\000q\000u\000a\000l\000i\000t\000y}{subsection.3.2}% 40
\BOOKMARK [2][-]{subsection.3.3}{\376\377\000E\000n\000d\000o\000p\000l\000a\000s\000m\000i\000c\000\040\000R\000e\000t\000i\000c\000u\000l\000u\000m}{section.3}% 41
\BOOKMARK [3][-]{subsubsection.3.3.1}{\376\377\000P\000r\000e\000p\000r\000o\000c\000e\000s\000s\000i\000n\000g}{subsection.3.3}% 42
\BOOKMARK [3][-]{subsubsection.3.3.2}{\376\377\000T\000r\000a\000i\000n\000i\000n\000g\000\040\000a\000n\000d\000\040\000p\000r\000e\000d\000i\000c\000t\000i\000o\000n\000s}{subsection.3.3}% 43
\BOOKMARK [3][-]{subsubsection.3.3.3}{\376\377\000C\000o\000m\000b\000i\000n\000a\000t\000i\000o\000n\000\040\000o\000f\000\040\000n\000u\000c\000l\000e\000i\000\040\000a\000n\000d\000\040\000a\000c\000t\000i\000n\000\040\000p\000r\000e\000d\000i\000c\000t\000i\000o\000n\000s}{subsection.3.3}% 44
\BOOKMARK [3][-]{subsubsection.3.3.4}{\376\377\000G\000e\000n\000e\000r\000a\000l\000i\000z\000a\000b\000i\000l\000i\000t\000y\000\040\000a\000c\000r\000o\000s\000s\000\040\000p\000h\000e\000n\000o\000t\000y\000p\000e\000s}{subsection.3.3}% 45
\BOOKMARK [2][-]{subsection.3.4}{\376\377\000G\000o\000l\000g\000i}{section.3}% 46
\BOOKMARK [3][-]{subsubsection.3.4.1}{\376\377\000P\000r\000e\000p\000r\000o\000c\000e\000s\000s\000i\000n\000g}{subsection.3.4}% 47
\BOOKMARK [4][-]{paragraph.3.4.1.1}{\376\377\000B\000a\000c\000k\000g\000r\000o\000u\000n\000d\000\040\000r\000e\000m\000o\000v\000a\000l\000\040\000a\000l\000g\000o\000r\000i\000t\000h\000m\000s}{subsubsection.3.4.1}% 48
\BOOKMARK [3][-]{subsubsection.3.4.2}{\376\377\000T\000r\000a\000i\000n\000i\000n\000g\000\040\000a\000n\000d\000\040\000p\000r\000e\000d\000i\000c\000t\000i\000o\000n\000s}{subsection.3.4}% 49
\BOOKMARK [3][-]{subsubsection.3.4.3}{\376\377\000A\000l\000t\000e\000r\000n\000a\000t\000i\000v\000e\000\040\000w\000a\000y\000s\000\040\000t\000o\000\040\000i\000m\000p\000r\000o\000v\000e\000\040\000p\000r\000e\000d\000i\000c\000t\000i\000o\000n\000s}{subsection.3.4}% 50
\BOOKMARK [4][-]{paragraph.3.4.3.1}{\376\377\000A\000s\000y\000m\000m\000e\000t\000r\000i\000c\000a\000l\000\040\000l\000o\000s\000s\000e\000s}{subsubsection.3.4.3}% 51
\BOOKMARK [4][-]{paragraph.3.4.3.2}{\376\377\000U\000s\000e\000\040\000o\000f\000\040\000g\000r\000a\000d\000i\000e\000n\000t\000\040\000i\000n\000\040\000l\000o\000s\000s}{subsubsection.3.4.3}% 52
\BOOKMARK [4][-]{paragraph.3.4.3.3}{\376\377\000N\000o\000i\000s\000e\000\040\000r\000e\000d\000u\000c\000t\000i\000o\000n\000\040\000m\000e\000t\000h\000o\000d\000s}{subsubsection.3.4.3}% 53
\BOOKMARK [2][-]{subsection.3.5}{\376\377\000G\000F\000P}{section.3}% 54
\BOOKMARK [3][-]{subsubsection.3.5.1}{\376\377\000P\000r\000e\000p\000r\000o\000c\000e\000s\000s\000i\000n\000g}{subsection.3.5}% 55
\BOOKMARK [3][-]{subsubsection.3.5.2}{\376\377\000P\000r\000e\000d\000i\000c\000t\000i\000o\000n\000s}{subsection.3.5}% 56
\BOOKMARK [3][-]{subsubsection.3.5.3}{\376\377\000D\000o\000w\000n\000s\000t\000r\000e\000a\000m\000\040\000m\000e\000t\000r\000i\000c\000s}{subsection.3.5}% 57
\BOOKMARK [3][-]{subsubsection.3.5.4}{\376\377\000C\000o\000m\000b\000i\000n\000a\000t\000i\000o\000n\000\040\000o\000f\000\040\000G\000F\000P\000,\000\040\000n\000u\000c\000l\000e\000i\000\040\000a\000n\000d\000\040\000E\000R}{subsection.3.5}% 58
\BOOKMARK [2][-]{subsection.3.6}{\376\377\000M\000o\000d\000e\000l\000\040\000e\000v\000a\000l\000u\000a\000t\000i\000o\000n}{section.3}% 59
\BOOKMARK [3][-]{subsubsection.3.6.1}{\376\377\000M\000e\000t\000r\000i\000c\000s\000\040\000f\000o\000r\000\040\000d\000o\000w\000n\000s\000t\000r\000e\000a\000m\000\040\000t\000a\000s\000k\000s}{subsection.3.6}% 60
\BOOKMARK [3][-]{subsubsection.3.6.2}{\376\377\000I\000n\000f\000l\000u\000e\000n\000c\000e\000\040\000o\000f\000\040\000d\000i\000f\000f\000e\000r\000e\000n\000t\000\040\000l\000o\000s\000s\000\040\000f\000u\000n\000c\000t\000i\000o\000n\000s\000\040\000o\000n\000\040\000m\000e\000t\000r\000i\000c\000s\000\040\000f\000o\000r\000\040\000d\000o\000w\000n\000s\000t\000r\000e\000a\000m\000\040\000t\000a\000s\000k\000s}{subsection.3.6}% 61
\BOOKMARK [1][-]{section.4}{\376\377\000S\000t\000a\000b\000i\000l\000i\000t\000y\000\040\000s\000t\000u\000d\000y}{}% 62
\BOOKMARK [2][-]{subsection.4.1}{\376\377\000S\000t\000a\000b\000i\000l\000i\000t\000y\000\040\000s\000t\000u\000d\000y}{section.4}% 63
\BOOKMARK [3][-]{subsubsection.4.1.1}{\376\377\000A\000r\000t\000i\000f\000i\000c\000i\000a\000l\000\040\000c\000o\000r\000r\000u\000p\000t\000i\000o\000n\000s}{subsection.4.1}% 64
\BOOKMARK [3][-]{subsubsection.4.1.2}{\376\377\000R\000e\000a\000l\000\040\000c\000o\000r\000r\000u\000p\000t\000i\000o\000n\000s}{subsection.4.1}% 65
\BOOKMARK [4][-]{paragraph.4.1.2.1}{\376\377\000N\000o\000t\000\040\000f\000i\000x\000e\000d\000\040\000c\000e\000l\000l\000s\000\040\000i\000m\000a\000g\000i\000n\000g\000\040\000a\000s\000\040\000c\000o\000r\000r\000u\000p\000t\000e\000d\000\040\000i\000n\000p\000u\000t}{subsubsection.4.1.2}% 66
\BOOKMARK [4][-]{paragraph.4.1.2.2}{\376\377\000R\000e\000a\000l\000-\000w\000o\000r\000l\000d\000\040\000e\000x\000a\000m\000p\000l\000e\000s\000\040\000o\000f\000\040\000c\000o\000r\000r\000u\000p\000t\000i\000o\000n\000s}{subsubsection.4.1.2}% 67
\BOOKMARK [3][-]{subsubsection.4.1.3}{\376\377\000I\000n\000f\000l\000u\000e\000n\000c\000e\000\040\000o\000f\000\040\000c\000o\000r\000r\000u\000p\000t\000i\000o\000n\000s\000\040\000o\000n\000\040\000m\000e\000t\000r\000i\000c\000s\000\040\000f\000o\000r\000\040\000d\000o\000w\000n\000s\000t\000r\000e\000a\000m\000\040\000t\000a\000s\000k\000s}{subsection.4.1}% 68
\BOOKMARK [3][-]{subsubsection.4.1.4}{\376\377\000I\000m\000p\000r\000o\000v\000i\000n\000g\000\040\000p\000r\000e\000d\000i\000c\000t\000i\000o\000n\000s\000\040\000w\000i\000t\000h\000\040\000a\000d\000d\000i\000t\000i\000o\000n\000a\000l\000\040\000c\000o\000r\000r\000u\000p\000t\000i\000o\000n\000\040\000a\000u\000g\000m\000e\000n\000t\000a\000t\000i\000o\000n\000s}{subsection.4.1}% 69
\BOOKMARK [2][-]{subsection.4.2}{\376\377\000U\000N\000E\000T\000\040\000e\000m\000b\000e\000d\000d\000i\000n\000g\000s\000\040\000s\000t\000u\000d\000y}{section.4}% 70
\BOOKMARK [3][-]{subsubsection.4.2.1}{\376\377\000A\000p\000p\000l\000i\000c\000a\000t\000i\000o\000n\000\040\000o\000f\000\040\000v\000a\000r\000i\000o\000u\000s\000\040\000d\000i\000m\000e\000n\000t\000i\000o\000n\000a\000l\000i\000t\000y\000\040\000r\000e\000d\000u\000c\000t\000i\000o\000n\000\040\000m\000e\000t\000h\000o\000d\000s}{subsection.4.2}% 71
\BOOKMARK [3][-]{subsubsection.4.2.2}{\376\377\000A\000u\000t\000o\000e\000n\000c\000o\000d\000e\000r\000\040\000e\000m\000b\000e\000d\000d\000i\000n\000g\000s\000\040\000a\000s\000\040\000a\000n\000\040\000a\000l\000t\000e\000r\000n\000a\000t\000i\000v\000e}{subsection.4.2}% 72
\BOOKMARK [3][-]{subsubsection.4.2.3}{\376\377\000C\000l\000u\000s\000t\000e\000r\000i\000n\000g\000\040\000o\000f\000\040\000P\000a\000c\000M\000A\000P\000\040\000e\000m\000b\000e\000d\000d\000i\000n\000g\000s}{subsection.4.2}% 73
\BOOKMARK [4][-]{paragraph.4.2.3.1}{\376\377\000C\000l\000u\000s\000t\000e\000r\000i\000n\000g\000\040\000o\000n\000\040\000U\000N\000e\000t\000\040\000e\000m\000b\000e\000d\000d\000i\000n\000g\000s}{subsubsection.4.2.3}% 74
\BOOKMARK [2][-]{subsection.4.3}{\376\377\000D\000r\000i\000f\000t\000\040\000d\000e\000t\000e\000c\000t\000i\000o\000n}{section.4}% 75
\BOOKMARK [3][-]{subsubsection.4.3.1}{\376\377\000A\000\040\000n\000e\000e\000d\000\040\000t\000o\000\040\000d\000e\000t\000e\000c\000t\000\040\000d\000r\000i\000f\000t}{subsection.4.3}% 76
\BOOKMARK [3][-]{subsubsection.4.3.2}{\376\377\000M\000a\000x\000i\000m\000u\000m\000\040\000m\000e\000a\000n\000\040\000d\000i\000s\000c\000r\000e\000p\000a\000n\000c\000y\000\040\000f\000o\000r\000\040\000d\000r\000i\000f\000t\000\040\000d\000e\000t\000e\000c\000t\000i\000o\000n}{subsection.4.3}% 77
\BOOKMARK [3][-]{subsubsection.4.3.3}{\376\377\000O\000n\000l\000i\000n\000e\000\040\000v\000e\000r\000s\000i\000o\000n\000\040\000o\000f\000\040\000M\000M\000D\000\040\000a\000l\000g\000o\000r\000i\000t\000h\000m}{subsection.4.3}% 78
\BOOKMARK [1][-]{section.5}{\376\377\000S\000o\000f\000t\000w\000a\000r\000e\000\040\000T\000o\000o\000l\000s}{}% 79
\BOOKMARK [2][-]{subsection.5.1}{\376\377\000F\000o\000u\000n\000d\000r\000y\000.\000\040\000P\000a\000l\000a\000n\000t\000i\000r}{section.5}% 80
\BOOKMARK [2][-]{subsection.5.2}{\376\377\000A\000W\000S}{section.5}% 81
\BOOKMARK [2][-]{subsection.5.3}{\376\377\000S\000t\000r\000e\000a\000m\000l\000i\000t}{section.5}% 82
\BOOKMARK [1][-]{section.6}{\376\377\000F\000u\000t\000u\000r\000e\000\040\000r\000e\000s\000e\000a\000r\000c\000h}{}% 83
\BOOKMARK [1][-]{section.7}{\376\377\000S\000u\000m\000m\000a\000r\000y}{}% 84
\BOOKMARK [1][-]{section.7}{\376\377\000L\000i\000s\000t\000\040\000o\000f\000\040\000F\000i\000g\000u\000r\000e\000s}{}% 85
\BOOKMARK [1][-]{section.7}{\376\377\000L\000i\000s\000t\000\040\000o\000f\000\040\000T\000a\000b\000l\000e\000s}{}% 86
